[0.802s] Invoking command in '/home/j2358xmf/ros2_ws/src/mypkg': PYTHONPATH=/home/j2358xmf/ros2_ws/src/mypkg/build/mypkg/prefix_override:/usr/lib/python3/dist-packages/colcon_core/task/python/colcon_distutils_commands:/home/j2358xmf/ros2_ws/src/mypkg/install/mypkg/lib/python3.12/site-packages:${PYTHONPATH} /usr/bin/python3 -W ignore:setup.py install is deprecated -W ignore:easy_install command is deprecated setup.py egg_info --egg-base build/mypkg build --build-base /home/j2358xmf/ros2_ws/src/mypkg/build/mypkg/build install --record /home/j2358xmf/ros2_ws/src/mypkg/build/mypkg/install.log --install-scripts $base/lib/mypkg --single-version-externally-managed install_data
[1.049s] running egg_info
[1.049s] creating build/mypkg/mypkg.egg-info
[1.066s] writing build/mypkg/mypkg.egg-info/PKG-INFO
[1.068s] writing dependency_links to build/mypkg/mypkg.egg-info/dependency_links.txt
[1.068s] writing entry points to build/mypkg/mypkg.egg-info/entry_points.txt
[1.069s] writing requirements to build/mypkg/mypkg.egg-info/requires.txt
[1.069s] writing top-level names to build/mypkg/mypkg.egg-info/top_level.txt
[1.069s] writing manifest file 'build/mypkg/mypkg.egg-info/SOURCES.txt'
[1.108s] reading manifest file 'build/mypkg/mypkg.egg-info/SOURCES.txt'
[1.109s] writing manifest file 'build/mypkg/mypkg.egg-info/SOURCES.txt'
[1.110s] running build
[1.110s] running build_py
[1.110s] creating /home/j2358xmf/ros2_ws/src/mypkg/build/mypkg/build
[1.110s] creating /home/j2358xmf/ros2_ws/src/mypkg/build/mypkg/build/lib
[1.111s] creating /home/j2358xmf/ros2_ws/src/mypkg/build/mypkg/build/lib/mypkg
[1.111s] copying mypkg/__init__.py -> /home/j2358xmf/ros2_ws/src/mypkg/build/mypkg/build/lib/mypkg
[1.112s] copying mypkg/talker.py -> /home/j2358xmf/ros2_ws/src/mypkg/build/mypkg/build/lib/mypkg
[1.122s] copying mypkg/listener.py -> /home/j2358xmf/ros2_ws/src/mypkg/build/mypkg/build/lib/mypkg
[1.123s] running install
[1.129s] running install_lib
[1.148s] creating /home/j2358xmf/ros2_ws/src/mypkg/install/mypkg/lib/python3.12/site-packages/mypkg
[1.149s] copying /home/j2358xmf/ros2_ws/src/mypkg/build/mypkg/build/lib/mypkg/__init__.py -> /home/j2358xmf/ros2_ws/src/mypkg/install/mypkg/lib/python3.12/site-packages/mypkg
[1.149s] copying /home/j2358xmf/ros2_ws/src/mypkg/build/mypkg/build/lib/mypkg/talker.py -> /home/j2358xmf/ros2_ws/src/mypkg/install/mypkg/lib/python3.12/site-packages/mypkg
[1.149s] copying /home/j2358xmf/ros2_ws/src/mypkg/build/mypkg/build/lib/mypkg/listener.py -> /home/j2358xmf/ros2_ws/src/mypkg/install/mypkg/lib/python3.12/site-packages/mypkg
[1.150s] byte-compiling /home/j2358xmf/ros2_ws/src/mypkg/install/mypkg/lib/python3.12/site-packages/mypkg/__init__.py to __init__.cpython-312.pyc
[1.152s] byte-compiling /home/j2358xmf/ros2_ws/src/mypkg/install/mypkg/lib/python3.12/site-packages/mypkg/talker.py to talker.cpython-312.pyc
[1.153s] byte-compiling /home/j2358xmf/ros2_ws/src/mypkg/install/mypkg/lib/python3.12/site-packages/mypkg/listener.py to listener.cpython-312.pyc
[1.153s] running install_data
[1.154s] creating /home/j2358xmf/ros2_ws/src/mypkg/install/mypkg/share/ament_index
[1.154s] creating /home/j2358xmf/ros2_ws/src/mypkg/install/mypkg/share/ament_index/resource_index
[1.154s] creating /home/j2358xmf/ros2_ws/src/mypkg/install/mypkg/share/ament_index/resource_index/packages
[1.155s] copying resource/mypkg -> /home/j2358xmf/ros2_ws/src/mypkg/install/mypkg/share/ament_index/resource_index/packages
[1.155s] copying package.xml -> /home/j2358xmf/ros2_ws/src/mypkg/install/mypkg/share/mypkg
[1.155s] copying launch/talk_listen.launch.py -> /home/j2358xmf/ros2_ws/src/mypkg/install/mypkg/share/mypkg
[1.155s] running install_egg_info
[1.188s] Copying build/mypkg/mypkg.egg-info to /home/j2358xmf/ros2_ws/src/mypkg/install/mypkg/lib/python3.12/site-packages/mypkg-0.0.0-py3.12.egg-info
[1.192s] running install_scripts
[1.316s] Installing listener script to /home/j2358xmf/ros2_ws/src/mypkg/install/mypkg/lib/mypkg
[1.317s] Installing talker script to /home/j2358xmf/ros2_ws/src/mypkg/install/mypkg/lib/mypkg
[1.317s] writing list of installed files to '/home/j2358xmf/ros2_ws/src/mypkg/build/mypkg/install.log'
[1.350s] Invoked command in '/home/j2358xmf/ros2_ws/src/mypkg' returned '0': PYTHONPATH=/home/j2358xmf/ros2_ws/src/mypkg/build/mypkg/prefix_override:/usr/lib/python3/dist-packages/colcon_core/task/python/colcon_distutils_commands:/home/j2358xmf/ros2_ws/src/mypkg/install/mypkg/lib/python3.12/site-packages:${PYTHONPATH} /usr/bin/python3 -W ignore:setup.py install is deprecated -W ignore:easy_install command is deprecated setup.py egg_info --egg-base build/mypkg build --build-base /home/j2358xmf/ros2_ws/src/mypkg/build/mypkg/build install --record /home/j2358xmf/ros2_ws/src/mypkg/build/mypkg/install.log --install-scripts $base/lib/mypkg --single-version-externally-managed install_data
